<?xml version="1.0" encoding="UTF-8"?>
<!-- Generated by org.testng.reporters.JUnitXMLReporter -->
<testsuite hostname="Rasheduls-MacBook-Pro.local" ignored="0" name="Nopackage" tests="2" failures="2" timestamp="2021-12-18T15:01:39 EST" time="0.504" errors="0">
  <testcase name="runScenario" time="0.114" classname="io.cucumber.testng.AbstractTestNGCucumberTests">
    <failure type="io.cucumber.java.PendingException" message="TODO: implement me">
      <![CDATA[io.cucumber.java.PendingException: TODO: implement me
at steps.Ocean9GoogleSearch.i_am_on_google_home_page(Ocean9GoogleSearch.java:10)
at ✽.I am on google homePage(file:///Users/rashedulalam98/eclipse-workspace/Ocean9/features/Ocean9GoogleSearch.feature:5)
]]>
    </failure>
  </testcase> <!-- runScenario -->
  <testcase name="runScenario" time="0.011" classname="io.cucumber.testng.AbstractTestNGCucumberTests">
    <failure type="io.cucumber.java.PendingException" message="TODO: implement me">
      <![CDATA[io.cucumber.java.PendingException: TODO: implement me
at steps.Ocean9GoogleSearch.i_am_on_google_home_page(Ocean9GoogleSearch.java:10)
at ✽.I am on google homePage(file:///Users/rashedulalam98/eclipse-workspace/Ocean9/features/Ocean9GoogleSearch.feature:5)
]]>
    </failure>
  </testcase> <!-- runScenario -->
</testsuite> <!-- Nopackage -->
